[0m16:16:18.155515 [debug] [MainThread]: Sending event: {'category': 'dbt', 'action': 'invocation', 'label': 'start', 'context': [<snowplow_tracker.self_describing_json.SelfDescribingJson object at 0x000001EDDA783AA0>, <snowplow_tracker.self_describing_json.SelfDescribingJson object at 0x000001EDDA851040>, <snowplow_tracker.self_describing_json.SelfDescribingJson object at 0x000001EDDA783B90>]}


============================== 16:16:18.233742 | ae156646-944d-4449-b9fa-3d219ba41b14 ==============================
[0m16:16:18.233742 [info ] [MainThread]: Running with dbt=1.11.2
[0m16:16:18.233742 [debug] [MainThread]: running dbt with arguments {'static_parser': 'True', 'no_print': 'None', 'version_check': 'True', 'target_path': 'None', 'warn_error_options': 'WarnErrorOptionsV2(error=[], warn=[], silence=[])', 'printer_width': '80', 'write_json': 'True', 'introspect': 'True', 'log_cache_events': 'False', 'empty': 'None', 'cache_selected_only': 'False', 'log_format': 'default', 'debug': 'False', 'fail_fast': 'False', 'profiles_dir': 'C:\\Users\\Guilherme\\.dbt', 'send_anonymous_usage_stats': 'True', 'quiet': 'False', 'warn_error': 'None', 'partial_parse': 'True', 'use_colors': 'True', 'indirect_selection': 'eager', 'invocation_command': 'dbt init treinamento-dbt', 'use_experimental_parser': 'False', 'log_path': 'logs'}
[0m16:16:18.283859 [info ] [MainThread]: Creating dbt configuration folder at C:\Users\Guilherme\.dbt
[0m16:16:29.686771 [debug] [MainThread]: Starter project path: D:\Repositories\Pessoal\treinamento-dbt\.venv\Lib\site-packages\dbt\include\starter_project
[0m16:16:29.864973 [info ] [MainThread]: 
Your new dbt project "treinamento_dbt" was created!

For more information on how to configure the profiles.yml file,
please consult the dbt documentation here:

  https://docs.getdbt.com/docs/configure-your-profile

One more thing:

Need help? Don't hesitate to reach out to us via GitHub issues or on Slack:

  https://community.getdbt.com/

Happy modeling!

[0m16:16:29.864973 [info ] [MainThread]: Setting up your profile.
[0m16:16:52.806479 [info ] [MainThread]: No sample profile found for fabric.
[0m16:16:52.806479 [debug] [MainThread]: Command `dbt init` succeeded at 16:16:52.806479 after 35.17 seconds
[0m16:16:52.806479 [debug] [MainThread]: Sending event: {'category': 'dbt', 'action': 'invocation', 'label': 'end', 'context': [<snowplow_tracker.self_describing_json.SelfDescribingJson object at 0x000001EDDC2A3B00>, <snowplow_tracker.self_describing_json.SelfDescribingJson object at 0x000001EDDC1B5C40>, <snowplow_tracker.self_describing_json.SelfDescribingJson object at 0x000001EDDA5C75F0>]}
[0m16:16:52.806479 [debug] [MainThread]: Flushing usage events
[0m16:16:53.934698 [debug] [MainThread]: An error was encountered while trying to flush usage events
[0m16:19:12.823784 [debug] [MainThread]: Sending event: {'category': 'dbt', 'action': 'invocation', 'label': 'start', 'context': [<snowplow_tracker.self_describing_json.SelfDescribingJson object at 0x0000017A9A0DE300>, <snowplow_tracker.self_describing_json.SelfDescribingJson object at 0x0000017A9A09D2E0>, <snowplow_tracker.self_describing_json.SelfDescribingJson object at 0x0000017A99EC0E00>]}


============================== 16:19:12.829979 | 961e9edb-056b-48e1-a7e0-fbdec9ece032 ==============================
[0m16:19:12.829979 [info ] [MainThread]: Running with dbt=1.11.2
[0m16:19:12.830979 [debug] [MainThread]: running dbt with arguments {'version_check': 'True', 'no_print': 'None', 'static_parser': 'True', 'target_path': 'None', 'warn_error_options': 'WarnErrorOptionsV2(error=[], warn=[], silence=[])', 'printer_width': '80', 'write_json': 'True', 'introspect': 'True', 'log_cache_events': 'False', 'empty': 'None', 'cache_selected_only': 'False', 'fail_fast': 'False', 'debug': 'False', 'log_format': 'default', 'partial_parse': 'True', 'send_anonymous_usage_stats': 'True', 'quiet': 'False', 'warn_error': 'None', 'profiles_dir': 'C:\\Users\\Guilherme\\.dbt', 'use_colors': 'True', 'indirect_selection': 'eager', 'invocation_command': 'dbt list', 'use_experimental_parser': 'False', 'log_path': 'logs'}
[0m16:19:12.831979 [error] [MainThread]: Encountered an error:
Runtime Error
  No dbt_project.yml found at expected path D:\Repositories\Pessoal\treinamento-dbt\dbt_project.yml
  Verify that each entry within packages.yml (and their transitive dependencies) contains a file named dbt_project.yml
  
[0m16:19:12.834089 [debug] [MainThread]: Command `dbt list` failed at 16:19:12.834089 after 0.14 seconds
[0m16:19:12.835332 [debug] [MainThread]: Sending event: {'category': 'dbt', 'action': 'invocation', 'label': 'end', 'context': [<snowplow_tracker.self_describing_json.SelfDescribingJson object at 0x0000017A9A56F6B0>, <snowplow_tracker.self_describing_json.SelfDescribingJson object at 0x0000017A9A09D2E0>, <snowplow_tracker.self_describing_json.SelfDescribingJson object at 0x0000017A9A42B7D0>]}
[0m16:19:12.835900 [debug] [MainThread]: Flushing usage events
[0m16:19:13.761935 [debug] [MainThread]: An error was encountered while trying to flush usage events
[0m16:32:04.477186 [debug] [MainThread]: Sending event: {'category': 'dbt', 'action': 'invocation', 'label': 'start', 'context': [<snowplow_tracker.self_describing_json.SelfDescribingJson object at 0x000001AA530AD520>, <snowplow_tracker.self_describing_json.SelfDescribingJson object at 0x000001AA52C1DD30>, <snowplow_tracker.self_describing_json.SelfDescribingJson object at 0x000001AA4F74C260>]}


============================== 16:32:04.492809 | f3b7ef6c-ef8c-448e-9cb5-5181d1832551 ==============================
[0m16:32:04.492809 [info ] [MainThread]: Running with dbt=1.11.2
[0m16:32:04.492809 [debug] [MainThread]: running dbt with arguments {'version_check': 'True', 'no_print': 'None', 'static_parser': 'True', 'target_path': 'None', 'warn_error_options': 'WarnErrorOptionsV2(error=[], warn=[], silence=[])', 'printer_width': '80', 'write_json': 'True', 'introspect': 'True', 'log_cache_events': 'False', 'empty': 'None', 'cache_selected_only': 'False', 'fail_fast': 'False', 'debug': 'False', 'log_format': 'default', 'profiles_dir': 'treinamento_dbt', 'send_anonymous_usage_stats': 'True', 'quiet': 'False', 'warn_error': 'None', 'partial_parse': 'True', 'indirect_selection': 'eager', 'use_colors': 'True', 'invocation_command': 'dbt debug --profiles-dir treinamento_dbt', 'use_experimental_parser': 'False', 'log_path': 'logs'}
[0m16:32:04.520543 [info ] [MainThread]: dbt version: 1.11.2
[0m16:32:04.520543 [info ] [MainThread]: python version: 3.12.3
[0m16:32:04.520543 [info ] [MainThread]: python path: D:\Repositories\Pessoal\treinamento-dbt\.venv\Scripts\python.exe
[0m16:32:04.520543 [info ] [MainThread]: os info: Windows-10-10.0.19045-SP0
[0m16:32:04.641383 [error] [MainThread]: Encountered an error:
Parsing Error
  Env var required but not provided: 'DBT_SERVER'
[0m16:32:04.644373 [debug] [MainThread]: Command `dbt debug` failed at 16:32:04.644373 after 0.28 seconds
[0m16:32:04.645379 [debug] [MainThread]: Sending event: {'category': 'dbt', 'action': 'invocation', 'label': 'end', 'context': [<snowplow_tracker.self_describing_json.SelfDescribingJson object at 0x000001AA526A3FE0>, <snowplow_tracker.self_describing_json.SelfDescribingJson object at 0x000001AA54794A40>, <snowplow_tracker.self_describing_json.SelfDescribingJson object at 0x000001AA54796D20>]}
[0m16:32:04.646381 [debug] [MainThread]: Flushing usage events
[0m16:32:05.579100 [debug] [MainThread]: An error was encountered while trying to flush usage events
[0m16:34:51.764097 [debug] [MainThread]: Sending event: {'category': 'dbt', 'action': 'invocation', 'label': 'start', 'context': [<snowplow_tracker.self_describing_json.SelfDescribingJson object at 0x000001EAB1A3E6F0>, <snowplow_tracker.self_describing_json.SelfDescribingJson object at 0x000001EAB164BFE0>, <snowplow_tracker.self_describing_json.SelfDescribingJson object at 0x000001EAB1C2E7B0>]}


============================== 16:34:51.764097 | a5252b26-f305-4d10-ad1b-15540e842593 ==============================
[0m16:34:51.764097 [info ] [MainThread]: Running with dbt=1.11.2
[0m16:34:51.764097 [debug] [MainThread]: running dbt with arguments {'static_parser': 'True', 'no_print': 'None', 'version_check': 'True', 'warn_error_options': 'WarnErrorOptionsV2(error=[], warn=[], silence=[])', 'target_path': 'None', 'printer_width': '80', 'write_json': 'True', 'introspect': 'True', 'log_cache_events': 'False', 'empty': 'None', 'cache_selected_only': 'False', 'fail_fast': 'False', 'debug': 'False', 'log_format': 'default', 'profiles_dir': 'treinamento_dbt', 'send_anonymous_usage_stats': 'True', 'quiet': 'False', 'warn_error': 'None', 'partial_parse': 'True', 'use_colors': 'True', 'invocation_command': 'dbt debug --profiles-dir treinamento_dbt', 'indirect_selection': 'eager', 'use_experimental_parser': 'False', 'log_path': 'logs'}
[0m16:34:51.806145 [info ] [MainThread]: dbt version: 1.11.2
[0m16:34:51.806145 [info ] [MainThread]: python version: 3.12.3
[0m16:34:51.806145 [info ] [MainThread]: python path: D:\Repositories\Pessoal\treinamento-dbt\.venv\Scripts\python.exe
[0m16:34:51.806145 [info ] [MainThread]: os info: Windows-10-10.0.19045-SP0
[0m16:34:51.822174 [error] [MainThread]: Encountered an error:
Parsing Error
  Env var required but not provided: 'DBT_SERVER'
[0m16:34:51.824210 [debug] [MainThread]: Command `dbt debug` failed at 16:34:51.824210 after 0.18 seconds
[0m16:34:51.825175 [debug] [MainThread]: Sending event: {'category': 'dbt', 'action': 'invocation', 'label': 'end', 'context': [<snowplow_tracker.self_describing_json.SelfDescribingJson object at 0x000001EAB1D63E60>, <snowplow_tracker.self_describing_json.SelfDescribingJson object at 0x000001EAB20E1400>, <snowplow_tracker.self_describing_json.SelfDescribingJson object at 0x000001EAB3386D50>]}
[0m16:34:51.825175 [debug] [MainThread]: Flushing usage events
[0m16:34:52.702319 [debug] [MainThread]: An error was encountered while trying to flush usage events
[0m16:55:40.131978 [debug] [MainThread]: Sending event: {'category': 'dbt', 'action': 'invocation', 'label': 'start', 'context': [<snowplow_tracker.self_describing_json.SelfDescribingJson object at 0x000001EA6638DDC0>, <snowplow_tracker.self_describing_json.SelfDescribingJson object at 0x000001EA660F26F0>, <snowplow_tracker.self_describing_json.SelfDescribingJson object at 0x000001EA658C82F0>]}


============================== 16:55:40.131978 | aac7736b-302a-4fb1-ae65-20c920f09812 ==============================
[0m16:55:40.131978 [info ] [MainThread]: Running with dbt=1.11.2
[0m16:55:40.131978 [debug] [MainThread]: running dbt with arguments {'static_parser': 'True', 'no_print': 'None', 'version_check': 'True', 'warn_error_options': 'WarnErrorOptionsV2(error=[], warn=[], silence=[])', 'target_path': 'None', 'printer_width': '80', 'write_json': 'True', 'introspect': 'True', 'log_cache_events': 'False', 'empty': 'None', 'cache_selected_only': 'False', 'log_format': 'default', 'debug': 'False', 'fail_fast': 'False', 'profiles_dir': 'C:\\Users\\Guilherme\\.dbt', 'send_anonymous_usage_stats': 'True', 'quiet': 'False', 'warn_error': 'None', 'partial_parse': 'True', 'indirect_selection': 'eager', 'invocation_command': 'dbt debug', 'use_colors': 'True', 'use_experimental_parser': 'False', 'log_path': 'logs'}
[0m16:55:40.161382 [info ] [MainThread]: dbt version: 1.11.2
[0m16:55:40.177012 [info ] [MainThread]: python version: 3.12.3
[0m16:55:40.178591 [info ] [MainThread]: python path: D:\Repositories\Pessoal\treinamento-dbt\.venv\Scripts\python.exe
[0m16:55:40.179791 [info ] [MainThread]: os info: Windows-10-10.0.19045-SP0
[0m16:55:40.180629 [info ] [MainThread]: Using profiles dir at C:\Users\Guilherme\.dbt
[0m16:55:40.181639 [info ] [MainThread]: Using profiles.yml file at C:\Users\Guilherme\.dbt\profiles.yml
[0m16:55:40.181639 [info ] [MainThread]: Using dbt_project.yml file at D:\Repositories\Pessoal\treinamento-dbt\dbt_project.yml
[0m16:55:40.182548 [info ] [MainThread]: Configuration:
[0m16:55:40.185037 [info ] [MainThread]:   profiles.yml file [[31mERROR not found[0m]
[0m16:55:40.186021 [info ] [MainThread]:   dbt_project.yml file [[31mERROR not found[0m]
[0m16:55:40.187020 [info ] [MainThread]: Required dependencies:
[0m16:55:40.188020 [debug] [MainThread]: Executing "git --help"
[0m16:55:40.313548 [debug] [MainThread]: STDOUT: "b"usage: git [-v | --version] [-h | --help] [-C <path>] [-c <name>=<value>]\n           [--exec-path[=<path>]] [--html-path] [--man-path] [--info-path]\n           [-p | --paginate | -P | --no-pager] [--no-replace-objects] [--bare]\n           [--git-dir=<path>] [--work-tree=<path>] [--namespace=<name>]\n           [--config-env=<name>=<envvar>] <command> [<args>]\n\nThese are common Git commands used in various situations:\n\nstart a working area (see also: git help tutorial)\n   clone     Clone a repository into a new directory\n   init      Create an empty Git repository or reinitialize an existing one\n\nwork on the current change (see also: git help everyday)\n   add       Add file contents to the index\n   mv        Move or rename a file, a directory, or a symlink\n   restore   Restore working tree files\n   rm        Remove files from the working tree and from the index\n\nexamine the history and state (see also: git help revisions)\n   bisect    Use binary search to find the commit that introduced a bug\n   diff      Show changes between commits, commit and working tree, etc\n   grep      Print lines matching a pattern\n   log       Show commit logs\n   show      Show various types of objects\n   status    Show the working tree status\n\ngrow, mark and tweak your common history\n   branch    List, create, or delete branches\n   commit    Record changes to the repository\n   merge     Join two or more development histories together\n   rebase    Reapply commits on top of another base tip\n   reset     Reset current HEAD to the specified state\n   switch    Switch branches\n   tag       Create, list, delete or verify a tag object signed with GPG\n\ncollaborate (see also: git help workflows)\n   fetch     Download objects and refs from another repository\n   pull      Fetch from and integrate with another repository or a local branch\n   push      Update remote refs along with associated objects\n\n'git help -a' and 'git help -g' list available subcommands and some\nconcept guides. See 'git help <command>' or 'git help <concept>'\nto read about a specific subcommand or concept.\nSee 'git help git' for an overview of the system.\n""
[0m16:55:40.313548 [debug] [MainThread]: STDERR: "b''"
[0m16:55:40.313548 [info ] [MainThread]:  - git [[32mOK found[0m]

[0m16:55:40.313548 [info ] [MainThread]: Connection test skipped since no profile was found
[0m16:55:40.313548 [info ] [MainThread]: [31m2 checks failed:[0m
[0m16:55:40.313548 [info ] [MainThread]: dbt looked for a profiles.yml file in C:\Users\Guilherme\.dbt\profiles.yml, but did
not find one. For more information on configuring your profile, consult the
documentation:

https://docs.getdbt.com/docs/configure-your-profile


[0m16:55:40.313548 [info ] [MainThread]: Project loading failed for the following reason:
 project path <D:\Repositories\Pessoal\treinamento-dbt\dbt_project.yml> not found

[0m16:55:40.329174 [debug] [MainThread]: Command `dbt debug` failed at 16:55:40.329174 after 0.32 seconds
[0m16:55:40.329174 [debug] [MainThread]: Sending event: {'category': 'dbt', 'action': 'invocation', 'label': 'end', 'context': [<snowplow_tracker.self_describing_json.SelfDescribingJson object at 0x000001EA65E7C1D0>, <snowplow_tracker.self_describing_json.SelfDescribingJson object at 0x000001EA64319F40>, <snowplow_tracker.self_describing_json.SelfDescribingJson object at 0x000001EA66873CB0>]}
[0m16:55:40.329174 [debug] [MainThread]: Flushing usage events
[0m16:55:41.213183 [debug] [MainThread]: An error was encountered while trying to flush usage events
[0m17:12:36.773565 [debug] [MainThread]: Sending event: {'category': 'dbt', 'action': 'invocation', 'label': 'start', 'context': [<snowplow_tracker.self_describing_json.SelfDescribingJson object at 0x000001CEEB94FB90>, <snowplow_tracker.self_describing_json.SelfDescribingJson object at 0x000001CEEB94DF70>, <snowplow_tracker.self_describing_json.SelfDescribingJson object at 0x000001CEEBDDF6E0>]}


============================== 17:12:36.789339 | 5c5031e3-9c43-439f-a03e-b3bbccbb90f2 ==============================
[0m17:12:36.789339 [info ] [MainThread]: Running with dbt=1.11.2
[0m17:12:36.790141 [debug] [MainThread]: running dbt with arguments {'static_parser': 'True', 'no_print': 'None', 'version_check': 'True', 'target_path': 'None', 'warn_error_options': 'WarnErrorOptionsV2(error=[], warn=[], silence=[])', 'printer_width': '80', 'write_json': 'True', 'introspect': 'True', 'log_cache_events': 'False', 'empty': 'None', 'cache_selected_only': 'False', 'log_format': 'default', 'debug': 'False', 'fail_fast': 'False', 'partial_parse': 'True', 'send_anonymous_usage_stats': 'True', 'quiet': 'False', 'warn_error': 'None', 'profiles_dir': 'C:\\Users\\Guilherme\\.dbt', 'invocation_command': 'dbt debug', 'indirect_selection': 'eager', 'use_colors': 'True', 'use_experimental_parser': 'False', 'log_path': 'logs'}
[0m17:12:36.824859 [info ] [MainThread]: dbt version: 1.11.2
[0m17:12:36.825859 [info ] [MainThread]: python version: 3.12.3
[0m17:12:36.826860 [info ] [MainThread]: python path: D:\Repositories\Pessoal\treinamento-dbt\.venv\Scripts\python.exe
[0m17:12:36.827860 [info ] [MainThread]: os info: Windows-10-10.0.19045-SP0
[0m17:12:36.827860 [info ] [MainThread]: Using profiles dir at C:\Users\Guilherme\.dbt
[0m17:12:36.828859 [info ] [MainThread]: Using profiles.yml file at C:\Users\Guilherme\.dbt\profiles.yml
[0m17:12:36.829858 [info ] [MainThread]: Using dbt_project.yml file at D:\Repositories\Pessoal\treinamento-dbt\dbt_project.yml
[0m17:12:36.830858 [info ] [MainThread]: Configuration:
[0m17:12:36.830858 [info ] [MainThread]:   profiles.yml file [[31mERROR not found[0m]
[0m17:12:36.831859 [info ] [MainThread]:   dbt_project.yml file [[31mERROR not found[0m]
[0m17:12:36.832858 [info ] [MainThread]: Required dependencies:
[0m17:12:36.833859 [debug] [MainThread]: Executing "git --help"
[0m17:12:36.865286 [debug] [MainThread]: STDOUT: "b"usage: git [-v | --version] [-h | --help] [-C <path>] [-c <name>=<value>]\n           [--exec-path[=<path>]] [--html-path] [--man-path] [--info-path]\n           [-p | --paginate | -P | --no-pager] [--no-replace-objects] [--bare]\n           [--git-dir=<path>] [--work-tree=<path>] [--namespace=<name>]\n           [--config-env=<name>=<envvar>] <command> [<args>]\n\nThese are common Git commands used in various situations:\n\nstart a working area (see also: git help tutorial)\n   clone     Clone a repository into a new directory\n   init      Create an empty Git repository or reinitialize an existing one\n\nwork on the current change (see also: git help everyday)\n   add       Add file contents to the index\n   mv        Move or rename a file, a directory, or a symlink\n   restore   Restore working tree files\n   rm        Remove files from the working tree and from the index\n\nexamine the history and state (see also: git help revisions)\n   bisect    Use binary search to find the commit that introduced a bug\n   diff      Show changes between commits, commit and working tree, etc\n   grep      Print lines matching a pattern\n   log       Show commit logs\n   show      Show various types of objects\n   status    Show the working tree status\n\ngrow, mark and tweak your common history\n   branch    List, create, or delete branches\n   commit    Record changes to the repository\n   merge     Join two or more development histories together\n   rebase    Reapply commits on top of another base tip\n   reset     Reset current HEAD to the specified state\n   switch    Switch branches\n   tag       Create, list, delete or verify a tag object signed with GPG\n\ncollaborate (see also: git help workflows)\n   fetch     Download objects and refs from another repository\n   pull      Fetch from and integrate with another repository or a local branch\n   push      Update remote refs along with associated objects\n\n'git help -a' and 'git help -g' list available subcommands and some\nconcept guides. See 'git help <command>' or 'git help <concept>'\nto read about a specific subcommand or concept.\nSee 'git help git' for an overview of the system.\n""
[0m17:12:36.865286 [debug] [MainThread]: STDERR: "b''"
[0m17:12:36.876467 [info ] [MainThread]:  - git [[32mOK found[0m]

[0m17:12:36.878155 [info ] [MainThread]: Connection test skipped since no profile was found
[0m17:12:36.878155 [info ] [MainThread]: [31m2 checks failed:[0m
[0m17:12:36.878155 [info ] [MainThread]: dbt looked for a profiles.yml file in C:\Users\Guilherme\.dbt\profiles.yml, but did
not find one. For more information on configuring your profile, consult the
documentation:

https://docs.getdbt.com/docs/configure-your-profile


[0m17:12:36.878155 [info ] [MainThread]: Project loading failed for the following reason:
 project path <D:\Repositories\Pessoal\treinamento-dbt\dbt_project.yml> not found

[0m17:12:36.878155 [debug] [MainThread]: Command `dbt debug` failed at 17:12:36.878155 after 0.23 seconds
[0m17:12:36.878155 [debug] [MainThread]: Sending event: {'category': 'dbt', 'action': 'invocation', 'label': 'end', 'context': [<snowplow_tracker.self_describing_json.SelfDescribingJson object at 0x000001CEEB4F35F0>, <snowplow_tracker.self_describing_json.SelfDescribingJson object at 0x000001CEEB511BE0>, <snowplow_tracker.self_describing_json.SelfDescribingJson object at 0x000001CEEBCBF860>]}
[0m17:12:36.878155 [debug] [MainThread]: Flushing usage events
[0m17:12:37.766179 [debug] [MainThread]: An error was encountered while trying to flush usage events
[0m18:34:17.002972 [debug] [MainThread]: Got an exception trying to initialize tracking


============================== 18:34:17.215630 | 8cda9bc4-fc2e-4da9-8573-1b0060afc653 ==============================
[0m18:34:17.215630 [info ] [MainThread]: Running with dbt=1.11.2
[0m18:34:17.216774 [debug] [MainThread]: running dbt with arguments {'static_parser': 'True', 'no_print': 'None', 'version_check': 'True', 'warn_error_options': 'WarnErrorOptionsV2(error=[], warn=[], silence=[])', 'target_path': 'None', 'printer_width': '80', 'write_json': 'True', 'empty': 'None', 'log_cache_events': 'False', 'introspect': 'True', 'cache_selected_only': 'False', 'fail_fast': 'False', 'debug': 'False', 'log_format': 'default', 'partial_parse': 'True', 'send_anonymous_usage_stats': 'True', 'quiet': 'False', 'warn_error': 'None', 'profiles_dir': 'C:\\Users\\Guilherme\\.dbt', 'use_colors': 'True', 'invocation_command': 'dbt test', 'indirect_selection': 'eager', 'use_experimental_parser': 'False', 'log_path': 'logs'}
[0m18:34:17.218776 [error] [MainThread]: Encountered an error:
Runtime Error
  No dbt_project.yml found at expected path D:\Repositories\Pessoal\treinamento-dbt\dbt_project.yml
  Verify that each entry within packages.yml (and their transitive dependencies) contains a file named dbt_project.yml
  
[0m18:34:17.255110 [debug] [MainThread]: Command `dbt test` failed at 18:34:17.219775 after 0.33 seconds
[0m18:34:17.256111 [debug] [MainThread]: Flushing usage events
[0m18:34:25.452603 [debug] [MainThread]: Got an exception trying to initialize tracking


============================== 18:34:25.519701 | 1c552e37-1cf8-47ba-ab05-439eeebf0824 ==============================
[0m18:34:25.519701 [info ] [MainThread]: Running with dbt=1.11.2
[0m18:34:25.520667 [debug] [MainThread]: running dbt with arguments {'version_check': 'True', 'no_print': 'None', 'static_parser': 'True', 'warn_error_options': 'WarnErrorOptionsV2(error=[], warn=[], silence=[])', 'target_path': 'None', 'printer_width': '80', 'write_json': 'True', 'introspect': 'True', 'log_cache_events': 'False', 'empty': 'None', 'cache_selected_only': 'False', 'fail_fast': 'False', 'debug': 'False', 'log_format': 'default', 'profiles_dir': 'C:\\Users\\Guilherme\\.dbt', 'send_anonymous_usage_stats': 'True', 'quiet': 'False', 'warn_error': 'None', 'partial_parse': 'True', 'invocation_command': 'dbt debug', 'indirect_selection': 'eager', 'use_colors': 'True', 'use_experimental_parser': 'False', 'log_path': 'logs'}
[0m18:34:25.723964 [info ] [MainThread]: dbt version: 1.11.2
[0m18:34:25.724650 [info ] [MainThread]: python version: 3.12.3
[0m18:34:25.725660 [info ] [MainThread]: python path: D:\Repositories\Pessoal\treinamento-dbt\.venv\Scripts\python.exe
[0m18:34:25.726726 [info ] [MainThread]: os info: Windows-10-10.0.19045-SP0
[0m18:34:25.727736 [info ] [MainThread]: Using profiles dir at C:\Users\Guilherme\.dbt
[0m18:34:25.728825 [info ] [MainThread]: Using profiles.yml file at C:\Users\Guilherme\.dbt\profiles.yml
[0m18:34:25.729375 [info ] [MainThread]: Using dbt_project.yml file at D:\Repositories\Pessoal\treinamento-dbt\dbt_project.yml
[0m18:34:25.731376 [info ] [MainThread]: Configuration:
[0m18:34:25.732375 [info ] [MainThread]:   profiles.yml file [[31mERROR not found[0m]
[0m18:34:25.733375 [info ] [MainThread]:   dbt_project.yml file [[31mERROR not found[0m]
[0m18:34:25.733375 [info ] [MainThread]: Required dependencies:
[0m18:34:25.734376 [debug] [MainThread]: Executing "git --help"
[0m18:34:25.922924 [debug] [MainThread]: STDOUT: "b"usage: git [-v | --version] [-h | --help] [-C <path>] [-c <name>=<value>]\n           [--exec-path[=<path>]] [--html-path] [--man-path] [--info-path]\n           [-p | --paginate | -P | --no-pager] [--no-replace-objects] [--bare]\n           [--git-dir=<path>] [--work-tree=<path>] [--namespace=<name>]\n           [--config-env=<name>=<envvar>] <command> [<args>]\n\nThese are common Git commands used in various situations:\n\nstart a working area (see also: git help tutorial)\n   clone     Clone a repository into a new directory\n   init      Create an empty Git repository or reinitialize an existing one\n\nwork on the current change (see also: git help everyday)\n   add       Add file contents to the index\n   mv        Move or rename a file, a directory, or a symlink\n   restore   Restore working tree files\n   rm        Remove files from the working tree and from the index\n\nexamine the history and state (see also: git help revisions)\n   bisect    Use binary search to find the commit that introduced a bug\n   diff      Show changes between commits, commit and working tree, etc\n   grep      Print lines matching a pattern\n   log       Show commit logs\n   show      Show various types of objects\n   status    Show the working tree status\n\ngrow, mark and tweak your common history\n   branch    List, create, or delete branches\n   commit    Record changes to the repository\n   merge     Join two or more development histories together\n   rebase    Reapply commits on top of another base tip\n   reset     Reset current HEAD to the specified state\n   switch    Switch branches\n   tag       Create, list, delete or verify a tag object signed with GPG\n\ncollaborate (see also: git help workflows)\n   fetch     Download objects and refs from another repository\n   pull      Fetch from and integrate with another repository or a local branch\n   push      Update remote refs along with associated objects\n\n'git help -a' and 'git help -g' list available subcommands and some\nconcept guides. See 'git help <command>' or 'git help <concept>'\nto read about a specific subcommand or concept.\nSee 'git help git' for an overview of the system.\n""
[0m18:34:25.923962 [debug] [MainThread]: STDERR: "b''"
[0m18:34:25.924929 [info ] [MainThread]:  - git [[32mOK found[0m]

[0m18:34:25.925926 [info ] [MainThread]: Connection test skipped since no profile was found
[0m18:34:25.926925 [info ] [MainThread]: [31m2 checks failed:[0m
[0m18:34:25.927927 [info ] [MainThread]: dbt looked for a profiles.yml file in C:\Users\Guilherme\.dbt\profiles.yml, but did
not find one. For more information on configuring your profile, consult the
documentation:

https://docs.getdbt.com/docs/configure-your-profile


[0m18:34:25.928927 [info ] [MainThread]: Project loading failed for the following reason:
 project path <D:\Repositories\Pessoal\treinamento-dbt\dbt_project.yml> not found

[0m18:34:25.931558 [debug] [MainThread]: Command `dbt debug` failed at 18:34:25.931558 after 0.54 seconds
[0m18:34:25.932559 [debug] [MainThread]: Flushing usage events
[0m18:58:36.573498 [debug] [MainThread]: Got an exception trying to initialize tracking


============================== 18:58:36.759283 | 5941b727-818b-4aa4-8d6a-81b7b980aa00 ==============================
[0m18:58:36.759283 [info ] [MainThread]: Running with dbt=1.11.2
[0m18:58:36.761294 [debug] [MainThread]: running dbt with arguments {'static_parser': 'True', 'no_print': 'None', 'version_check': 'True', 'target_path': 'None', 'warn_error_options': 'WarnErrorOptionsV2(error=[], warn=[], silence=[])', 'printer_width': '80', 'write_json': 'True', 'introspect': 'True', 'log_cache_events': 'False', 'empty': 'None', 'cache_selected_only': 'False', 'fail_fast': 'False', 'debug': 'False', 'log_format': 'default', 'partial_parse': 'True', 'send_anonymous_usage_stats': 'True', 'quiet': 'False', 'warn_error': 'None', 'profiles_dir': 'C:\\Users\\Guilherme\\.dbt', 'invocation_command': 'dbt debug', 'use_colors': 'True', 'indirect_selection': 'eager', 'use_experimental_parser': 'False', 'log_path': 'logs'}
[0m18:58:36.793149 [info ] [MainThread]: dbt version: 1.11.2
[0m18:58:36.794149 [info ] [MainThread]: python version: 3.12.3
[0m18:58:36.795154 [info ] [MainThread]: python path: D:\Repositories\Pessoal\treinamento-dbt\.venv\Scripts\python.exe
[0m18:58:36.796146 [info ] [MainThread]: os info: Windows-10-10.0.19045-SP0
[0m18:58:36.797148 [info ] [MainThread]: Using profiles dir at C:\Users\Guilherme\.dbt
[0m18:58:36.798149 [info ] [MainThread]: Using profiles.yml file at C:\Users\Guilherme\.dbt\profiles.yml
[0m18:58:36.798595 [info ] [MainThread]: Using dbt_project.yml file at D:\Repositories\Pessoal\treinamento-dbt\dbt_project.yml
[0m18:58:36.799412 [info ] [MainThread]: Configuration:
[0m18:58:36.800421 [info ] [MainThread]:   profiles.yml file [[31mERROR not found[0m]
[0m18:58:36.801421 [info ] [MainThread]:   dbt_project.yml file [[31mERROR not found[0m]
[0m18:58:36.801421 [info ] [MainThread]: Required dependencies:
[0m18:58:36.802422 [debug] [MainThread]: Executing "git --help"
[0m18:58:36.840937 [debug] [MainThread]: STDOUT: "b"usage: git [-v | --version] [-h | --help] [-C <path>] [-c <name>=<value>]\n           [--exec-path[=<path>]] [--html-path] [--man-path] [--info-path]\n           [-p | --paginate | -P | --no-pager] [--no-replace-objects] [--bare]\n           [--git-dir=<path>] [--work-tree=<path>] [--namespace=<name>]\n           [--config-env=<name>=<envvar>] <command> [<args>]\n\nThese are common Git commands used in various situations:\n\nstart a working area (see also: git help tutorial)\n   clone     Clone a repository into a new directory\n   init      Create an empty Git repository or reinitialize an existing one\n\nwork on the current change (see also: git help everyday)\n   add       Add file contents to the index\n   mv        Move or rename a file, a directory, or a symlink\n   restore   Restore working tree files\n   rm        Remove files from the working tree and from the index\n\nexamine the history and state (see also: git help revisions)\n   bisect    Use binary search to find the commit that introduced a bug\n   diff      Show changes between commits, commit and working tree, etc\n   grep      Print lines matching a pattern\n   log       Show commit logs\n   show      Show various types of objects\n   status    Show the working tree status\n\ngrow, mark and tweak your common history\n   branch    List, create, or delete branches\n   commit    Record changes to the repository\n   merge     Join two or more development histories together\n   rebase    Reapply commits on top of another base tip\n   reset     Reset current HEAD to the specified state\n   switch    Switch branches\n   tag       Create, list, delete or verify a tag object signed with GPG\n\ncollaborate (see also: git help workflows)\n   fetch     Download objects and refs from another repository\n   pull      Fetch from and integrate with another repository or a local branch\n   push      Update remote refs along with associated objects\n\n'git help -a' and 'git help -g' list available subcommands and some\nconcept guides. See 'git help <command>' or 'git help <concept>'\nto read about a specific subcommand or concept.\nSee 'git help git' for an overview of the system.\n""
[0m18:58:36.841936 [debug] [MainThread]: STDERR: "b''"
[0m18:58:36.842936 [info ] [MainThread]:  - git [[32mOK found[0m]

[0m18:58:36.843936 [info ] [MainThread]: Connection test skipped since no profile was found
[0m18:58:36.843936 [info ] [MainThread]: [31m2 checks failed:[0m
[0m18:58:36.844940 [info ] [MainThread]: dbt looked for a profiles.yml file in C:\Users\Guilherme\.dbt\profiles.yml, but did
not find one. For more information on configuring your profile, consult the
documentation:

https://docs.getdbt.com/docs/configure-your-profile


[0m18:58:36.846936 [info ] [MainThread]: Project loading failed for the following reason:
 project path <D:\Repositories\Pessoal\treinamento-dbt\dbt_project.yml> not found

[0m18:58:36.847979 [debug] [MainThread]: Command `dbt debug` failed at 18:58:36.847979 after 0.40 seconds
[0m18:58:36.848938 [debug] [MainThread]: Flushing usage events
[0m06:14:52.288777 [debug] [MainThread]: Got an exception trying to initialize tracking


============================== 06:14:52.435495 | 3741ece6-261b-41d7-b296-7894a20881c0 ==============================
[0m06:14:52.435495 [info ] [MainThread]: Running with dbt=1.11.2
[0m06:14:52.435495 [debug] [MainThread]: running dbt with arguments {'version_check': 'True', 'no_print': 'None', 'static_parser': 'True', 'warn_error_options': 'WarnErrorOptionsV2(error=[], warn=[], silence=[])', 'target_path': 'None', 'printer_width': '80', 'write_json': 'True', 'introspect': 'True', 'log_cache_events': 'False', 'empty': 'False', 'cache_selected_only': 'False', 'log_format': 'default', 'debug': 'False', 'fail_fast': 'False', 'profiles_dir': 'C:\\Users\\Guilherme\\.dbt', 'send_anonymous_usage_stats': 'True', 'quiet': 'False', 'warn_error': 'None', 'partial_parse': 'True', 'invocation_command': 'dbt compile --select stg_lakehouse__taxi', 'use_colors': 'True', 'indirect_selection': 'eager', 'use_experimental_parser': 'False', 'log_path': 'logs'}
[0m06:14:52.435495 [error] [MainThread]: Encountered an error:
Runtime Error
  No dbt_project.yml found at expected path D:\Repositories\Pessoal\treinamento-dbt\dbt_project.yml
  Verify that each entry within packages.yml (and their transitive dependencies) contains a file named dbt_project.yml
  
[0m06:14:52.435495 [debug] [MainThread]: Command `dbt compile` failed at 06:14:52.435495 after 0.23 seconds
[0m06:14:52.435495 [debug] [MainThread]: Flushing usage events
